Base path: A:/Program Files/Unity/Editor/Data
Pipe name: \\.\pipe\UnityShaderCompiler-64bit-1-6704
Cmd: getPlatforms
Cmd: preprocess
  insize=11276 outsize=717 ok=1
Cmd: compileSnippet
  api=4 type=0 insize=10591 outsize=1006 kw= pd= ok=1
Cmd: compileSnippet
  api=4 type=1 insize=10591 outsize=1688 kw= pd= ok=1
Cmd: compileSnippet
  api=4 type=0 insize=10613 outsize=1006 kw= pd= ok=1
Cmd: compileSnippet
  api=4 type=1 insize=10613 outsize=9285 kw= pd= ok=1
Cmd: compileSnippet
  api=4 type=0 insize=10612 outsize=1006 kw= pd= ok=1
Cmd: compileSnippet
  api=4 type=1 insize=10612 outsize=9301 kw= pd= ok=1
Cmd: preprocess
  insize=1006 outsize=316 ok=1
Cmd: compileSnippet
  api=4 type=0 insize=995 outsize=1006 kw= pd= ok=1
Cmd: compileSnippet
  api=4 type=1 insize=995 outsize=973 kw= pd= ok=1
Cmd: preprocess
  insize=1339 outsize=296 ok=1
Cmd: compileSnippet
  api=4 type=0 insize=1347 outsize=1574 kw= pd= ok=1
Cmd: compileSnippet
  api=4 type=1 insize=1347 outsize=1956 kw= pd= ok=1
Cmd: preprocess
  insize=3615 outsize=712 ok=1
Cmd: compileSnippet
  api=4 type=0 insize=3140 outsize=1006 kw= pd= ok=1
Cmd: compileSnippet
  api=4 type=1 insize=3140 outsize=1355 kw= pd= ok=1
Cmd: compileSnippet
  api=4 type=0 insize=3138 outsize=1006 kw= pd= ok=1
Cmd: compileSnippet
  api=4 type=1 insize=3138 outsize=1225 kw= pd= ok=1
Cmd: compileSnippet
  api=4 type=0 insize=3183 outsize=1006 kw= pd= ok=1
Cmd: compileSnippet
  api=4 type=1 insize=3183 outsize=2801 kw= pd= ok=1
Cmd: preprocess
  insize=3521 outsize=640 ok=1
Cmd: compileSnippet
  api=4 type=0 insize=3155 outsize=1006 kw= pd= ok=1
Cmd: compileSnippet
  api=4 type=1 insize=3155 outsize=1355 kw= pd= ok=1
Cmd: compileSnippet
  api=4 type=0 insize=3153 outsize=1006 kw= pd= ok=1
Cmd: compileSnippet
  api=4 type=1 insize=3153 outsize=1225 kw= pd= ok=1
Cmd: compileSnippet
  api=4 type=0 insize=3160 outsize=1006 kw= pd= ok=1
Cmd: compileSnippet
  api=4 type=1 insize=3160 outsize=2801 kw= pd= ok=1
Cmd: preprocess
  insize=1164 outsize=384 ok=1
Cmd: compileSnippet
  api=4 type=0 insize=1085 outsize=1006 kw= pd= ok=1
Cmd: compileSnippet
  api=4 type=1 insize=1085 outsize=1973 kw= pd= ok=1
Cmd: preprocess
  error: 2 plat 18 at (40): Can't find include file frag_ao.cginc
  error: 2 plat 18 at (44): Can't find include file frag_ao.cginc
  error: 2 plat 18 at (48): Can't find include file frag_ao.cginc
  error: 2 plat 18 at (52): Can't find include file frag_ao.cginc
  error: 2 plat 18 at (57): Can't find include file frag_ao.cginc
  insize=6511 outsize=781 ok=0
Cmd: preprocess
  insize=1173 outsize=314 ok=1
Cmd: compileSnippet
  api=4 type=0 insize=1164 outsize=1753 kw= pd= ok=1
Cmd: compileSnippet
  api=4 type=1 insize=1164 outsize=1412 kw= pd= ok=1
Cmd: preprocess
  insize=2636 outsize=773 ok=1
Cmd: compileSnippet
  api=4 type=0 insize=1965 outsize=1355 kw= pd= ok=1
Cmd: compileSnippet
  api=4 type=1 insize=1965 outsize=1217 kw= pd= ok=1
Cmd: compileSnippet
  api=4 type=0 insize=1962 outsize=1355 kw= pd= ok=1
Cmd: compileSnippet
  api=4 type=1 insize=1962 outsize=949 kw= pd= ok=1
Cmd: compileSnippet
  api=4 type=0 insize=1975 outsize=1656 kw= pd= ok=1
Cmd: compileSnippet
  api=4 type=1 insize=1975 outsize=1323 kw= pd= ok=1
Cmd: compileSnippet
  api=4 type=0 insize=1974 outsize=1355 kw= pd= ok=1
Cmd: compileSnippet
  api=4 type=1 insize=1974 outsize=868 kw= pd= ok=1
Cmd: preprocess
  insize=968 outsize=305 ok=1
Cmd: compileSnippet
  api=4 type=0 insize=968 outsize=1006 kw= pd= ok=1
Cmd: compileSnippet
  api=4 type=1 insize=968 outsize=1006 kw= pd= ok=1
Cmd: preprocess
  insize=1193 outsize=303 ok=1
Cmd: compileSnippet
  api=4 type=0 insize=1194 outsize=1314 kw= pd= ok=1
Cmd: compileSnippet
  api=4 type=1 insize=1194 outsize=1444 kw= pd= ok=1
Cmd: preprocess
  insize=2235 outsize=619 ok=1
Cmd: compileSnippet
  api=4 type=0 insize=1922 outsize=1444 kw= pd= ok=1
Cmd: compileSnippet
  api=4 type=1 insize=1922 outsize=3224 kw= pd= ok=1
Cmd: preprocess
  insize=6131 outsize=973 ok=1
Cmd: compileSnippet
  api=4 type=0 insize=5399 outsize=1314 kw= pd= ok=1
Cmd: compileSnippet
  api=4 type=1 insize=5399 outsize=892 kw= pd= ok=1
Cmd: compileSnippet
  api=4 type=0 insize=5406 outsize=1599 kw= pd= ok=1
Cmd: compileSnippet
  api=4 type=1 insize=5406 outsize=1534 kw= pd= ok=1
Cmd: compileSnippet
  api=4 type=0 insize=5410 outsize=1412 kw= pd= ok=1
Cmd: compileSnippet
  api=4 type=1 insize=5410 outsize=1534 kw= pd= ok=1
Cmd: compileSnippet
  api=4 type=0 insize=5411 outsize=1412 kw= pd= ok=1
Cmd: compileSnippet
  api=4 type=1 insize=5411 outsize=1534 kw= pd= ok=1
Cmd: compileSnippet
  api=4 type=0 insize=5415 outsize=1769 kw= pd= ok=1
Cmd: compileSnippet
  api=4 type=1 insize=5415 outsize=1802 kw= pd= ok=1
Cmd: compileSnippet
  api=4 type=0 insize=5416 outsize=1769 kw= pd= ok=1
Cmd: compileSnippet
  api=4 type=1 insize=5416 outsize=1802 kw= pd= ok=1
Cmd: preprocess
  insize=32636 outsize=273 ok=1
Cmd: compileSnippet
  api=4 type=0 insize=32665 outsize=1006 kw= pd= ok=1
Cmd: compileSnippet
  api=4 type=1 insize=32665 outsize=10764 kw= pd= ok=1
Cmd: preprocess
  insize=3601 outsize=704 ok=1
Cmd: compileSnippet
  api=4 type=0 insize=2929 outsize=1859 kw= pd= ok=1
Cmd: compileSnippet
  api=4 type=1 insize=2929 outsize=2314 kw= pd= ok=1
Cmd: compileSnippet
  api=4 type=0 insize=2920 outsize=1859 kw= pd= ok=1
Cmd: compileSnippet
  api=4 type=1 insize=2920 outsize=1721 kw= pd= ok=1
Cmd: compileSnippet
  api=4 type=0 insize=2919 outsize=1859 kw= pd= ok=1
Cmd: compileSnippet
  api=4 type=1 insize=2919 outsize=1769 kw= pd= ok=1
Cmd: compileSnippet
  api=4 type=0 insize=2931 outsize=1859 kw= pd= ok=1
Cmd: compileSnippet
  api=4 type=1 insize=2931 outsize=2249 kw= pd= ok=1
Cmd: preprocess
  insize=1268 outsize=329 ok=1
Cmd: compileSnippet
  api=4 type=0 insize=1244 outsize=1314 kw= pd= ok=1
Cmd: compileSnippet
  api=4 type=1 insize=1244 outsize=1444 kw= pd= ok=1
Cmd: preprocess
  error: 2 plat 18 at (40): Can't find include file frag_ao.cginc
  error: 2 plat 18 at (43): Can't find include file frag_ao.cginc
  error: 2 plat 18 at (46): Can't find include file frag_ao.cginc
  error: 2 plat 18 at (49): Can't find include file frag_ao.cginc
  error: 2 plat 18 at (53): Can't find include file frag_ao.cginc
  insize=6551 outsize=798 ok=0
Cmd: preprocess
  insize=1692 outsize=302 ok=1
Cmd: compileSnippet
  api=4 type=0 insize=1695 outsize=1753 kw= pd= ok=1
Cmd: compileSnippet
  api=4 type=1 insize=1695 outsize=2371 kw= pd= ok=1
Cmd: preprocess
  insize=27271 outsize=4693 ok=1
Cmd: compileSnippet
  api=4 type=0 insize=19248 outsize=1314 kw= pd= ok=1
Cmd: compileSnippet
  api=4 type=1 insize=19248 outsize=1436 kw= pd= ok=1
Cmd: compileSnippet
  api=4 type=0 insize=19254 outsize=2111 kw= pd= ok=1
Cmd: compileSnippet
  api=4 type=1 insize=19254 outsize=3931 kw= pd= ok=1
Cmd: compileSnippet
  api=4 type=0 insize=19257 outsize=2111 kw= pd= ok=1
Cmd: compileSnippet
  api=4 type=1 insize=19257 outsize=7587 kw= pd= ok=1
Cmd: compileSnippet
  api=4 type=0 insize=19236 outsize=1314 kw= pd= ok=1
Cmd: compileSnippet
  api=4 type=1 insize=19236 outsize=664 kw= pd= ok=1
Cmd: compileSnippet
  api=4 type=0 insize=19252 outsize=1314 kw= pd= ok=1
Cmd: compileSnippet
  api=4 type=1 insize=19252 outsize=1428 kw= pd= ok=1
Cmd: compileSnippet
  api=4 type=0 insize=19239 outsize=1314 kw= pd= ok=1
Cmd: compileSnippet
  api=4 type=1 insize=19239 outsize=2574 kw= pd= ok=1
Cmd: compileSnippet
  api=4 type=0 insize=19250 outsize=1314 kw= pd= ok=1
Cmd: compileSnippet
  api=4 type=1 insize=19250 outsize=2111 kw= pd= ok=1
Cmd: compileSnippet
  api=4 type=0 insize=19246 outsize=1314 kw= pd= ok=1
Cmd: compileSnippet
  api=4 type=1 insize=19246 outsize=843 kw= pd= ok=1
Cmd: compileSnippet
  api=4 type=0 insize=19256 outsize=1314 kw= pd= ok=1
Cmd: compileSnippet
  api=4 type=1 insize=19256 outsize=1501 kw= pd= ok=1
Cmd: compileSnippet
  api=4 type=0 insize=19249 outsize=1314 kw= pd= ok=1
Cmd: compileSnippet
  api=4 type=1 insize=19249 outsize=1233 kw= pd= ok=1
Cmd: compileSnippet
  api=4 type=0 insize=19256 outsize=1314 kw= pd= ok=1
Cmd: compileSnippet
  api=4 type=1 insize=19256 outsize=1818 kw= pd= ok=1
Cmd: compileSnippet
  api=4 type=0 insize=19244 outsize=1314 kw= pd= ok=1
Cmd: compileSnippet
  error: 1 plat 4 at (92): gradient-based operations must be moved out of flow control to prevent divergence. Performance may improve by using a non-gradient operation\nCompiling Fragment program
  error: 1 plat 4 at (168): gradient-based operations must be moved out of flow control to prevent divergence. Performance may improve by using a non-gradient operation\nCompiling Fragment program
  api=4 type=1 insize=19244 outsize=3102 kw= pd= ok=1
Cmd: compileSnippet
  api=4 type=0 insize=19253 outsize=1314 kw= pd= ok=1
Cmd: compileSnippet
  api=4 type=1 insize=19253 outsize=3500 kw= pd= ok=1
Cmd: compileSnippet
  api=4 type=0 insize=19240 outsize=1314 kw= pd= ok=1
Cmd: compileSnippet
  api=4 type=1 insize=19240 outsize=1558 kw= pd= ok=1
Cmd: compileSnippet
  api=4 type=0 insize=19255 outsize=1314 kw= pd= ok=1
Cmd: compileSnippet
  api=4 type=1 insize=19255 outsize=1046 kw= pd= ok=1
Cmd: compileSnippet
  api=4 type=0 insize=19245 outsize=1314 kw= pd= ok=1
Cmd: compileSnippet
  api=4 type=1 insize=19245 outsize=1404 kw= pd= ok=1
Cmd: compileSnippet
  api=4 type=0 insize=19238 outsize=1314 kw= pd= ok=1
Cmd: compileSnippet
  api=4 type=1 insize=19238 outsize=859 kw= pd= ok=1
Cmd: compileSnippet
  api=4 type=0 insize=19245 outsize=1314 kw= pd= ok=1
Cmd: compileSnippet
  error: 1 plat 4 at (97): gradient-based operations must be moved out of flow control to prevent divergence. Performance may improve by using a non-gradient operation\nCompiling Fragment program
  error: 1 plat 4 at (200): gradient-based operations must be moved out of flow control to prevent divergence. Performance may improve by using a non-gradient operation\nCompiling Fragment program
  api=4 type=1 insize=19245 outsize=3858 kw= pd= ok=1
Cmd: compileSnippet
  api=4 type=0 insize=19253 outsize=1314 kw= pd= ok=1
Cmd: compileSnippet
  api=4 type=1 insize=19253 outsize=3760 kw= pd= ok=1
Cmd: compileSnippet
  api=4 type=0 insize=19263 outsize=2111 kw= pd= ok=1
Cmd: compileSnippet
  api=4 type=1 insize=19263 outsize=4670 kw= pd= ok=1
Cmd: compileSnippet
  api=4 type=0 insize=19241 outsize=1314 kw= pd= ok=1
Cmd: compileSnippet
  api=4 type=1 insize=19241 outsize=778 kw= pd= ok=1
Cmd: compileSnippet
  api=4 type=0 insize=19243 outsize=1314 kw= pd= ok=1
Cmd: compileSnippet
  api=4 type=1 insize=19243 outsize=2574 kw= pd= ok=1
Cmd: compileSnippet
  api=4 type=0 insize=19261 outsize=1314 kw= pd= ok=1
Cmd: compileSnippet
  api=4 type=1 insize=19261 outsize=664 kw= pd= ok=1
Cmd: preprocess
  insize=1737 outsize=297 ok=1
Cmd: compileSnippet
  api=4 type=0 insize=1742 outsize=1729 kw= pd= ok=1
Cmd: compileSnippet
  api=4 type=1 insize=1742 outsize=4629 kw= pd= ok=1
Cmd: preprocess
  insize=6414 outsize=902 ok=1
Cmd: compileSnippet
  api=4 type=0 insize=5582 outsize=1314 kw= pd= ok=1
Cmd: compileSnippet
  api=4 type=1 insize=5582 outsize=811 kw= pd= ok=1
Cmd: compileSnippet
  api=4 type=0 insize=5581 outsize=1314 kw= pd= ok=1
Cmd: compileSnippet
  api=4 type=1 insize=5581 outsize=908 kw= pd= ok=1
Cmd: compileSnippet
  api=4 type=0 insize=5575 outsize=1314 kw= pd= ok=1
Cmd: compileSnippet
  api=4 type=1 insize=5575 outsize=2639 kw= pd= ok=1
Cmd: compileSnippet
  api=4 type=0 insize=5574 outsize=1314 kw= pd= ok=1
Cmd: compileSnippet
  api=4 type=1 insize=5574 outsize=2793 kw= pd= ok=1
Cmd: compileSnippet
  api=4 type=0 insize=5577 outsize=1314 kw= pd= ok=1
Cmd: compileSnippet
  api=4 type=1 insize=5577 outsize=2907 kw= pd= ok=1
Cmd: compileSnippet
  api=4 type=0 insize=5576 outsize=1314 kw= pd= ok=1
Cmd: compileSnippet
  api=4 type=1 insize=5576 outsize=2964 kw= pd= ok=1
Cmd: compileSnippet
  api=4 type=0 insize=5578 outsize=1314 kw= pd= ok=1
Cmd: compileSnippet
  api=4 type=1 insize=5578 outsize=1014 kw= pd= ok=1
Cmd: preprocess
  insize=32646 outsize=272 ok=1
Cmd: compileSnippet
  api=4 type=0 insize=32675 outsize=1006 kw= pd= ok=1
Cmd: compileSnippet
  api=4 type=1 insize=32675 outsize=10699 kw= pd= ok=1
Cmd: preprocess
  insize=5149 outsize=1741 ok=1
Cmd: compileSnippet
  api=4 type=0 insize=3712 outsize=1769 kw= pd= ok=1
Cmd: compileSnippet
  api=4 type=1 insize=3712 outsize=6961 kw= pd= ok=1
Cmd: preprocess
  insize=6801 outsize=255 ok=1
Cmd: compileSnippet
  api=4 type=0 insize=6848 outsize=1396 kw= pd= ok=1
Cmd: compileSnippet
  api=4 type=1 insize=6848 outsize=4434 kw= pd= ok=1
Cmd: preprocess
  insize=4528 outsize=555 ok=1
Cmd: compileSnippet
  api=4 type=0 insize=4182 outsize=2216 kw= pd= ok=1
Cmd: compileSnippet
  api=4 type=1 insize=4182 outsize=7043 kw= pd= ok=1
Cmd: compileSnippet
  api=4 type=0 insize=4186 outsize=2216 kw= pd= ok=1
Cmd: compileSnippet
  api=4 type=1 insize=4186 outsize=6108 kw= pd= ok=1
Cmd: preprocess
  insize=5752 outsize=1269 ok=1
Cmd: compileSnippet
  api=4 type=0 insize=4241 outsize=1444 kw= pd= ok=1
Cmd: compileSnippet
  api=4 type=1 insize=4241 outsize=3208 kw= pd= ok=1
Cmd: compileSnippet
  error: 1 plat 4 at (72): Output value 'vertApply' is not completely initialized\nCompiling Vertex program
  api=4 type=0 insize=3327 outsize=1201 kw= pd= ok=1
Cmd: compileSnippet
  api=4 type=1 insize=3327 outsize=1672 kw= pd= ok=1
Cmd: compileSnippet
  api=4 type=4 insize=3327 outsize=3606 kw= pd= ok=1
Cmd: compileSnippet
  error: 1 plat 4 at (72): Output value 'vertApply' is not completely initialized\nCompiling Vertex program
  api=4 type=0 insize=3327 outsize=1201 kw= pd= ok=1
Cmd: compileSnippet
  api=4 type=1 insize=3327 outsize=1672 kw= pd= ok=1
Cmd: compileSnippet
  api=4 type=4 insize=3327 outsize=3606 kw= pd= ok=1
Cmd: preprocess
  insize=3918 outsize=651 ok=1
Cmd: compileSnippet
  api=4 type=0 insize=3312 outsize=1006 kw= pd= ok=1
Cmd: compileSnippet
  api=4 type=1 insize=3312 outsize=1274 kw= pd= ok=1
Cmd: compileSnippet
  api=4 type=0 insize=3319 outsize=2151 kw= pd= ok=1
Cmd: compileSnippet
  api=4 type=1 insize=3319 outsize=1851 kw= pd= ok=1
Cmd: compileSnippet
  api=4 type=0 insize=3328 outsize=2135 kw= pd= ok=1
Cmd: compileSnippet
  api=4 type=1 insize=3328 outsize=2208 kw= pd= ok=1
Cmd: compileSnippet
  api=4 type=0 insize=3323 outsize=2135 kw= pd= ok=1
Cmd: compileSnippet
  api=4 type=1 insize=3323 outsize=2419 kw= pd= ok=1
Cmd: preprocess
  insize=799 outsize=276 ok=1
Cmd: compileSnippet
  api=4 type=0 insize=828 outsize=1006 kw= pd= ok=1
Cmd: compileSnippet
  api=4 type=1 insize=828 outsize=1103 kw= pd= ok=1
Cmd: preprocess
  insize=1265 outsize=272 ok=1
Cmd: compileSnippet
  api=4 type=0 insize=1298 outsize=1574 kw= pd= ok=1
Cmd: compileSnippet
  api=4 type=1 insize=1298 outsize=1956 kw= pd= ok=1
Cmd: preprocess
  insize=724 outsize=315 ok=1
Cmd: compileSnippet
  api=4 type=0 insize=714 outsize=1006 kw= pd= ok=1
Cmd: compileSnippet
  api=4 type=1 insize=714 outsize=729 kw= pd= ok=1
Cmd: compileSnippet
  api=4 type=0 insize=818 outsize=778 kw= pd= ok=1
Cmd: compileSnippet
  api=4 type=1 insize=818 outsize=510 kw= pd= ok=1
Cmd: compileSnippet
  api=4 type=0 insize=1705 outsize=1290 kw=SOFTPARTICLES_OFF pd= ok=1
Cmd: compileSnippet
  api=4 type=1 insize=1705 outsize=924 kw=SOFTPARTICLES_OFF pd= ok=1
Cmd: compileSnippet
  api=4 type=0 insize=751 outsize=3533 kw=SHADOWS_DEPTH pd= ok=1
Cmd: compileSnippet
  api=4 type=1 insize=751 outsize=380 kw=SHADOWS_DEPTH pd= ok=1
Cmd: compileSnippet
  api=4 type=0 insize=982 outsize=4703 kw=DIRECTIONAL SHADOWS_OFF LIGHTMAP_OFF DIRLIGHTMAP_OFF DYNAMICLIGHTMAP_OFF _EMISSION _DETAIL_MULX2 _NORMALMAP pd= ok=1
Cmd: compileSnippet
  api=4 type=1 insize=982 outsize=13055 kw=DIRECTIONAL SHADOWS_OFF LIGHTMAP_OFF DIRLIGHTMAP_OFF DYNAMICLIGHTMAP_OFF _EMISSION _DETAIL_MULX2 _NORMALMAP pd= ok=1
Cmd: compileSnippet
  api=4 type=0 insize=938 outsize=4101 kw=DIRECTIONAL SHADOWS_OFF _DETAIL_MULX2 _NORMALMAP pd= ok=1
Cmd: compileSnippet
  api=4 type=1 insize=938 outsize=7652 kw=DIRECTIONAL SHADOWS_OFF _DETAIL_MULX2 _NORMALMAP pd= ok=1
Cmd: compileSnippet
  api=4 type=0 insize=1706 outsize=1290 kw=SOFTPARTICLES_OFF pd= ok=1
Cmd: compileSnippet
  api=4 type=1 insize=1706 outsize=868 kw=SOFTPARTICLES_OFF pd= ok=1
Cmd: compileSnippet
  api=4 type=0 insize=751 outsize=3776 kw=SHADOWS_DEPTH _ALPHABLEND_ON pd= ok=1
Cmd: compileSnippet
  api=4 type=1 insize=751 outsize=1233 kw=SHADOWS_DEPTH _ALPHABLEND_ON pd= ok=1
Cmd: compileSnippet
  api=4 type=0 insize=982 outsize=3979 kw=DIRECTIONAL SHADOWS_OFF LIGHTMAP_OFF DIRLIGHTMAP_OFF DYNAMICLIGHTMAP_OFF _ALPHABLEND_ON pd= ok=1
Cmd: compileSnippet
  api=4 type=1 insize=982 outsize=10642 kw=DIRECTIONAL SHADOWS_OFF LIGHTMAP_OFF DIRLIGHTMAP_OFF DYNAMICLIGHTMAP_OFF _ALPHABLEND_ON pd= ok=1
Cmd: compileSnippet
  api=4 type=0 insize=938 outsize=4101 kw=DIRECTIONAL SHADOWS_OFF _ALPHABLEND_ON pd= ok=1
Cmd: compileSnippet
  api=4 type=1 insize=938 outsize=5539 kw=DIRECTIONAL SHADOWS_OFF _ALPHABLEND_ON pd= ok=1
Cmd: compileSnippet
  api=4 type=0 insize=982 outsize=5580 kw=DIRECTIONAL SHADOWS_OFF LIGHTMAP_OFF DIRLIGHTMAP_OFF DYNAMICLIGHTMAP_OFF _NORMALMAP _PARALLAXMAP pd= ok=1
Cmd: compileSnippet
  api=4 type=1 insize=982 outsize=12169 kw=DIRECTIONAL SHADOWS_OFF LIGHTMAP_OFF DIRLIGHTMAP_OFF DYNAMICLIGHTMAP_OFF _NORMALMAP _PARALLAXMAP pd= ok=1
Cmd: compileSnippet
  api=4 type=0 insize=938 outsize=5174 kw=DIRECTIONAL SHADOWS_OFF _NORMALMAP _PARALLAXMAP pd= ok=1
Cmd: compileSnippet
  api=4 type=1 insize=938 outsize=6969 kw=DIRECTIONAL SHADOWS_OFF _NORMALMAP _PARALLAXMAP pd= ok=1
Cmd: compileSnippet
  api=4 type=0 insize=982 outsize=4703 kw=DIRECTIONAL SHADOWS_OFF LIGHTMAP_OFF DIRLIGHTMAP_OFF DYNAMICLIGHTMAP_OFF _NORMALMAP pd= ok=1
Cmd: compileSnippet
  api=4 type=1 insize=982 outsize=11406 kw=DIRECTIONAL SHADOWS_OFF LIGHTMAP_OFF DIRLIGHTMAP_OFF DYNAMICLIGHTMAP_OFF _NORMALMAP pd= ok=1
Cmd: compileSnippet
  api=4 type=0 insize=938 outsize=4101 kw=DIRECTIONAL SHADOWS_OFF _NORMALMAP pd= ok=1
Cmd: compileSnippet
  api=4 type=1 insize=938 outsize=6214 kw=DIRECTIONAL SHADOWS_OFF _NORMALMAP pd= ok=1
Cmd: compileSnippet
  api=4 type=0 insize=541 outsize=3533 kw=SHADOWS_DEPTH pd= ok=1
Cmd: compileSnippet
  api=4 type=1 insize=541 outsize=453 kw=SHADOWS_DEPTH pd= ok=1
Cmd: compileSnippet
  api=4 type=0 insize=7400 outsize=4938 kw=DIRECTIONAL SHADOWS_OFF LIGHTMAP_OFF DIRLIGHTMAP_OFF DYNAMICLIGHTMAP_OFF pd= ok=1
Cmd: compileSnippet
  api=4 type=1 insize=7400 outsize=2054 kw=DIRECTIONAL SHADOWS_OFF LIGHTMAP_OFF DIRLIGHTMAP_OFF DYNAMICLIGHTMAP_OFF pd= ok=1
Cmd: compileSnippet
  api=4 type=0 insize=4837 outsize=4020 kw=DIRECTIONAL pd= ok=1
Cmd: compileSnippet
  api=4 type=1 insize=4837 outsize=1956 kw=DIRECTIONAL pd= ok=1
Cmd: compileSnippet
  api=4 type=0 insize=751 outsize=3533 kw=SHADOWS_DEPTH pd= ok=1
Cmd: compileSnippet
  api=4 type=1 insize=751 outsize=380 kw=SHADOWS_DEPTH pd= ok=1
Cmd: compileSnippet
  api=4 type=0 insize=977 outsize=4703 kw=DIRECTIONAL SHADOWS_OFF LIGHTMAP_OFF DIRLIGHTMAP_OFF DYNAMICLIGHTMAP_OFF _NORMALMAP pd= ok=1
Cmd: compileSnippet
  api=4 type=1 insize=977 outsize=11292 kw=DIRECTIONAL SHADOWS_OFF LIGHTMAP_OFF DIRLIGHTMAP_OFF DYNAMICLIGHTMAP_OFF _NORMALMAP pd= ok=1
Cmd: compileSnippet
  api=4 type=0 insize=934 outsize=4101 kw=DIRECTIONAL SHADOWS_OFF _NORMALMAP pd= ok=1
Cmd: compileSnippet
  api=4 type=1 insize=934 outsize=6141 kw=DIRECTIONAL SHADOWS_OFF _NORMALMAP pd= ok=1
Cmd: compileSnippet
  api=4 type=0 insize=977 outsize=4703 kw=DIRECTIONAL SHADOWS_OFF LIGHTMAP_OFF DIRLIGHTMAP_OFF DYNAMICLIGHTMAP_OFF _EMISSION _NORMALMAP _SPECGLOSSMAP pd= ok=1
Cmd: compileSnippet
  api=4 type=1 insize=977 outsize=11495 kw=DIRECTIONAL SHADOWS_OFF LIGHTMAP_OFF DIRLIGHTMAP_OFF DYNAMICLIGHTMAP_OFF _EMISSION _NORMALMAP _SPECGLOSSMAP pd= ok=1
Cmd: compileSnippet
  api=4 type=0 insize=934 outsize=4101 kw=DIRECTIONAL SHADOWS_OFF _NORMALMAP _SPECGLOSSMAP pd= ok=1
Cmd: compileSnippet
  api=4 type=1 insize=934 outsize=6157 kw=DIRECTIONAL SHADOWS_OFF _NORMALMAP _SPECGLOSSMAP pd= ok=1
Cmd: compileSnippet
  api=4 type=0 insize=977 outsize=4703 kw=DIRECTIONAL SHADOWS_OFF LIGHTMAP_OFF DIRLIGHTMAP_OFF DYNAMICLIGHTMAP_OFF _NORMALMAP _SPECGLOSSMAP pd= ok=1
Cmd: compileSnippet
  api=4 type=1 insize=977 outsize=11284 kw=DIRECTIONAL SHADOWS_OFF LIGHTMAP_OFF DIRLIGHTMAP_OFF DYNAMICLIGHTMAP_OFF _NORMALMAP _SPECGLOSSMAP pd= ok=1
Cmd: compileSnippet
  api=4 type=0 insize=977 outsize=5580 kw=DIRECTIONAL SHADOWS_OFF LIGHTMAP_OFF DIRLIGHTMAP_OFF DYNAMICLIGHTMAP_OFF _EMISSION _NORMALMAP _PARALLAXMAP _SPECGLOSSMAP pd= ok=1
Cmd: compileSnippet
  api=4 type=1 insize=977 outsize=12316 kw=DIRECTIONAL SHADOWS_OFF LIGHTMAP_OFF DIRLIGHTMAP_OFF DYNAMICLIGHTMAP_OFF _EMISSION _NORMALMAP _PARALLAXMAP _SPECGLOSSMAP pd= ok=1
Cmd: compileSnippet
  api=4 type=0 insize=934 outsize=5174 kw=DIRECTIONAL SHADOWS_OFF _NORMALMAP _PARALLAXMAP _SPECGLOSSMAP pd= ok=1
Cmd: compileSnippet
  api=4 type=1 insize=934 outsize=6880 kw=DIRECTIONAL SHADOWS_OFF _NORMALMAP _PARALLAXMAP _SPECGLOSSMAP pd= ok=1
Cmd: compileSnippet
  api=4 type=0 insize=982 outsize=3979 kw=DIRECTIONAL SHADOWS_OFF LIGHTMAP_OFF DIRLIGHTMAP_OFF DYNAMICLIGHTMAP_OFF pd= ok=1
Cmd: compileSnippet
  api=4 type=1 insize=982 outsize=10618 kw=DIRECTIONAL SHADOWS_OFF LIGHTMAP_OFF DIRLIGHTMAP_OFF DYNAMICLIGHTMAP_OFF pd= ok=1
Cmd: compileSnippet
  api=4 type=0 insize=938 outsize=4101 kw=DIRECTIONAL SHADOWS_OFF pd= ok=1
Cmd: compileSnippet
  api=4 type=1 insize=938 outsize=5515 kw=DIRECTIONAL SHADOWS_OFF pd= ok=1
Cmd: compileSnippet
  api=4 type=0 insize=982 outsize=3979 kw=DIRECTIONAL SHADOWS_OFF LIGHTMAP_OFF DIRLIGHTMAP_OFF DYNAMICLIGHTMAP_OFF _EMISSION pd= ok=1
Cmd: compileSnippet
  api=4 type=1 insize=982 outsize=10829 kw=DIRECTIONAL SHADOWS_OFF LIGHTMAP_OFF DIRLIGHTMAP_OFF DYNAMICLIGHTMAP_OFF _EMISSION pd= ok=1
Cmd: compileSnippet
  api=4 type=0 insize=977 outsize=3979 kw=DIRECTIONAL SHADOWS_OFF LIGHTMAP_OFF DIRLIGHTMAP_OFF DYNAMICLIGHTMAP_OFF pd= ok=1
Cmd: compileSnippet
  api=4 type=1 insize=977 outsize=10504 kw=DIRECTIONAL SHADOWS_OFF LIGHTMAP_OFF DIRLIGHTMAP_OFF DYNAMICLIGHTMAP_OFF pd= ok=1
Cmd: compileSnippet
  api=4 type=0 insize=934 outsize=4101 kw=DIRECTIONAL SHADOWS_OFF pd= ok=1
Cmd: compileSnippet
  api=4 type=1 insize=934 outsize=5401 kw=DIRECTIONAL SHADOWS_OFF pd= ok=1
Cmd: compileSnippet
  api=4 type=0 insize=7494 outsize=3752 kw=DIRECTIONAL SHADOWS_OFF LIGHTMAP_OFF DIRLIGHTMAP_OFF DYNAMICLIGHTMAP_OFF pd= ok=1
Cmd: compileSnippet
  api=4 type=1 insize=7494 outsize=2501 kw=DIRECTIONAL SHADOWS_OFF LIGHTMAP_OFF DIRLIGHTMAP_OFF DYNAMICLIGHTMAP_OFF pd= ok=1
Cmd: compileSnippet
  api=4 type=0 insize=4066 outsize=2753 kw=DIRECTIONAL pd= ok=1
Cmd: compileSnippet
  api=4 type=1 insize=4066 outsize=2151 kw=DIRECTIONAL pd= ok=1
Cmd: compileSnippet
  api=4 type=0 insize=982 outsize=4703 kw=DIRECTIONAL SHADOWS_OFF LIGHTMAP_OFF DIRLIGHTMAP_OFF DYNAMICLIGHTMAP_OFF _DETAIL_MULX2 _NORMALMAP pd= ok=1
Cmd: compileSnippet
  api=4 type=1 insize=982 outsize=12844 kw=DIRECTIONAL SHADOWS_OFF LIGHTMAP_OFF DIRLIGHTMAP_OFF DYNAMICLIGHTMAP_OFF _DETAIL_MULX2 _NORMALMAP pd= ok=1
Cmd: compileSnippet
  api=4 type=0 insize=751 outsize=3776 kw=SHADOWS_DEPTH _ALPHATEST_ON pd= ok=1
Cmd: compileSnippet
  api=4 type=1 insize=751 outsize=835 kw=SHADOWS_DEPTH _ALPHATEST_ON pd= ok=1
Cmd: compileSnippet
  api=4 type=0 insize=982 outsize=3979 kw=DIRECTIONAL SHADOWS_OFF LIGHTMAP_OFF DIRLIGHTMAP_OFF DYNAMICLIGHTMAP_OFF _EMISSION _ALPHATEST_ON pd= ok=1
Cmd: compileSnippet
  api=4 type=1 insize=982 outsize=11008 kw=DIRECTIONAL SHADOWS_OFF LIGHTMAP_OFF DIRLIGHTMAP_OFF DYNAMICLIGHTMAP_OFF _EMISSION _ALPHATEST_ON pd= ok=1
Cmd: compileSnippet
  api=4 type=0 insize=938 outsize=4101 kw=DIRECTIONAL SHADOWS_OFF _ALPHATEST_ON pd= ok=1
Cmd: compileSnippet
  api=4 type=1 insize=938 outsize=5718 kw=DIRECTIONAL SHADOWS_OFF _ALPHATEST_ON pd= ok=1
Cmd: compileSnippet
  api=4 type=0 insize=977 outsize=5580 kw=DIRECTIONAL SHADOWS_OFF LIGHTMAP_OFF DIRLIGHTMAP_OFF DYNAMICLIGHTMAP_OFF _NORMALMAP _PARALLAXMAP _SPECGLOSSMAP pd= ok=1
Cmd: compileSnippet
  api=4 type=1 insize=977 outsize=12104 kw=DIRECTIONAL SHADOWS_OFF LIGHTMAP_OFF DIRLIGHTMAP_OFF DYNAMICLIGHTMAP_OFF _NORMALMAP _PARALLAXMAP _SPECGLOSSMAP pd= ok=1
Cmd: compileSnippet
  api=4 type=0 insize=982 outsize=3979 kw=DIRECTIONAL SHADOWS_OFF LIGHTMAP_OFF DIRLIGHTMAP_OFF DYNAMICLIGHTMAP_OFF _ALPHATEST_ON pd= ok=1
Cmd: compileSnippet
  api=4 type=1 insize=982 outsize=10796 kw=DIRECTIONAL SHADOWS_OFF LIGHTMAP_OFF DIRLIGHTMAP_OFF DYNAMICLIGHTMAP_OFF _ALPHATEST_ON pd= ok=1
Cmd: compileSnippet
  api=4 type=0 insize=7666 outsize=4784 kw=DIRECTIONAL SHADOWS_OFF LIGHTMAP_OFF DIRLIGHTMAP_OFF DYNAMICLIGHTMAP_OFF pd= ok=1
Cmd: compileSnippet
  api=4 type=1 insize=7666 outsize=3476 kw=DIRECTIONAL SHADOWS_OFF LIGHTMAP_OFF DIRLIGHTMAP_OFF DYNAMICLIGHTMAP_OFF pd= ok=1
Cmd: compileSnippet
  api=4 type=0 insize=5061 outsize=4020 kw=DIRECTIONAL pd= ok=1
Cmd: compileSnippet
  api=4 type=1 insize=5061 outsize=2907 kw=DIRECTIONAL pd= ok=1
Cmd: compileSnippet
  api=4 type=0 insize=977 outsize=3979 kw=DIRECTIONAL SHADOWS_OFF LIGHTMAP_OFF DIRLIGHTMAP_OFF DYNAMICLIGHTMAP_OFF _EMISSION pd= ok=1
Cmd: compileSnippet
  api=4 type=1 insize=977 outsize=10715 kw=DIRECTIONAL SHADOWS_OFF LIGHTMAP_OFF DIRLIGHTMAP_OFF DYNAMICLIGHTMAP_OFF _EMISSION pd= ok=1
Cmd: compileSnippet
  api=4 type=0 insize=751 outsize=3776 kw=SHADOWS_DEPTH _ALPHAPREMULTIPLY_ON pd= ok=1
Cmd: compileSnippet
  api=4 type=1 insize=751 outsize=1233 kw=SHADOWS_DEPTH _ALPHAPREMULTIPLY_ON pd= ok=1
Cmd: compileSnippet
  api=4 type=0 insize=982 outsize=3979 kw=DIRECTIONAL SHADOWS_OFF LIGHTMAP_OFF DIRLIGHTMAP_OFF DYNAMICLIGHTMAP_OFF _ALPHAPREMULTIPLY_ON pd= ok=1
Cmd: compileSnippet
  api=4 type=1 insize=982 outsize=10650 kw=DIRECTIONAL SHADOWS_OFF LIGHTMAP_OFF DIRLIGHTMAP_OFF DYNAMICLIGHTMAP_OFF _ALPHAPREMULTIPLY_ON pd= ok=1
Cmd: compileSnippet
  api=4 type=0 insize=938 outsize=4101 kw=DIRECTIONAL SHADOWS_OFF _ALPHAPREMULTIPLY_ON pd= ok=1
Cmd: compileSnippet
  api=4 type=1 insize=938 outsize=5669 kw=DIRECTIONAL SHADOWS_OFF _ALPHAPREMULTIPLY_ON pd= ok=1
Cmd: compileSnippet
  api=4 type=0 insize=982 outsize=3979 kw=DIRECTIONAL SHADOWS_OFF LIGHTMAP_OFF DIRLIGHTMAP_OFF DYNAMICLIGHTMAP_OFF _EMISSION _METALLICGLOSSMAP pd= ok=1
Cmd: compileSnippet
  api=4 type=1 insize=982 outsize=10894 kw=DIRECTIONAL SHADOWS_OFF LIGHTMAP_OFF DIRLIGHTMAP_OFF DYNAMICLIGHTMAP_OFF _EMISSION _METALLICGLOSSMAP pd= ok=1
Cmd: compileSnippet
  api=4 type=0 insize=938 outsize=4101 kw=DIRECTIONAL SHADOWS_OFF _METALLICGLOSSMAP pd= ok=1
Cmd: compileSnippet
  api=4 type=1 insize=938 outsize=5580 kw=DIRECTIONAL SHADOWS_OFF _METALLICGLOSSMAP pd= ok=1
Cmd: compileSnippet
  api=4 type=0 insize=751 outsize=3776 kw=SHADOWS_DEPTH _ALPHABLEND_ON pd= ok=1
Cmd: compileSnippet
  api=4 type=1 insize=751 outsize=1233 kw=SHADOWS_DEPTH _ALPHABLEND_ON pd= ok=1
Cmd: compileSnippet
  api=4 type=0 insize=977 outsize=3979 kw=DIRECTIONAL SHADOWS_OFF LIGHTMAP_OFF DIRLIGHTMAP_OFF DYNAMICLIGHTMAP_OFF _EMISSION _ALPHABLEND_ON pd= ok=1
Cmd: compileSnippet
  api=4 type=1 insize=977 outsize=10739 kw=DIRECTIONAL SHADOWS_OFF LIGHTMAP_OFF DIRLIGHTMAP_OFF DYNAMICLIGHTMAP_OFF _EMISSION _ALPHABLEND_ON pd= ok=1
Cmd: compileSnippet
  api=4 type=0 insize=934 outsize=4101 kw=DIRECTIONAL SHADOWS_OFF _ALPHABLEND_ON pd= ok=1
Cmd: compileSnippet
  api=4 type=1 insize=934 outsize=5466 kw=DIRECTIONAL SHADOWS_OFF _ALPHABLEND_ON pd= ok=1
Cmd: compileSnippet
  api=4 type=0 insize=6924 outsize=3663 kw=DIRECTIONAL SHADOWS_OFF LIGHTMAP_OFF DIRLIGHTMAP_OFF DYNAMICLIGHTMAP_OFF pd= ok=1
Cmd: compileSnippet
  api=4 type=1 insize=6924 outsize=1314 kw=DIRECTIONAL SHADOWS_OFF LIGHTMAP_OFF DIRLIGHTMAP_OFF DYNAMICLIGHTMAP_OFF pd= ok=1
Cmd: compileSnippet
  api=4 type=0 insize=3695 outsize=2753 kw=DIRECTIONAL pd= ok=1
Cmd: compileSnippet
  api=4 type=1 insize=3695 outsize=1168 kw=DIRECTIONAL pd= ok=1
Cmd: compileSnippet
  api=4 type=0 insize=4587 outsize=4093 kw= pd= ok=1
Cmd: compileSnippet
  api=4 type=1 insize=4587 outsize=998 kw= pd= ok=1
Cmd: compileSnippet
  api=4 type=0 insize=13030 outsize=11073 kw=_SUNDISK_NONE pd= ok=1
Cmd: compileSnippet
  api=4 type=1 insize=13030 outsize=868 kw=_SUNDISK_NONE pd= ok=1
Cmd: compileSnippet
  api=4 type=0 insize=1642 outsize=1290 kw=SOFTPARTICLES_OFF pd= ok=1
Cmd: compileSnippet
  api=4 type=1 insize=1642 outsize=924 kw=SOFTPARTICLES_OFF pd= ok=1
Cmd: compileSnippet
  api=4 type=0 insize=977 outsize=3979 kw=DIRECTIONAL SHADOWS_OFF LIGHTMAP_OFF DIRLIGHTMAP_OFF DYNAMICLIGHTMAP_OFF _ALPHABLEND_ON pd= ok=1
Cmd: compileSnippet
  api=4 type=1 insize=977 outsize=10528 kw=DIRECTIONAL SHADOWS_OFF LIGHTMAP_OFF DIRLIGHTMAP_OFF DYNAMICLIGHTMAP_OFF _ALPHABLEND_ON pd= ok=1
Cmd: compileSnippet
  api=4 type=0 insize=1152 outsize=4703 kw=LIGHTMAP_OFF DIRLIGHTMAP_OFF DYNAMICLIGHTMAP_OFF _EMISSION _DETAIL_MULX2 _NORMALMAP pd= ok=1
Cmd: compileSnippet
  api=4 type=1 insize=1152 outsize=5255 kw=LIGHTMAP_OFF DIRLIGHTMAP_OFF DYNAMICLIGHTMAP_OFF _EMISSION _DETAIL_MULX2 _NORMALMAP pd= ok=1
Cmd: compileSnippet
  api=4 type=0 insize=1148 outsize=3979 kw=LIGHTMAP_OFF DIRLIGHTMAP_OFF DYNAMICLIGHTMAP_OFF pd= ok=1
Cmd: compileSnippet
  api=4 type=1 insize=1148 outsize=2777 kw=LIGHTMAP_OFF DIRLIGHTMAP_OFF DYNAMICLIGHTMAP_OFF pd= ok=1
Cmd: compileSnippet
  api=4 type=0 insize=1152 outsize=3979 kw=LIGHTMAP_OFF DIRLIGHTMAP_OFF DYNAMICLIGHTMAP_OFF _EMISSION _METALLICGLOSSMAP pd= ok=1
Cmd: compileSnippet
  api=4 type=1 insize=1152 outsize=3134 kw=LIGHTMAP_OFF DIRLIGHTMAP_OFF DYNAMICLIGHTMAP_OFF _EMISSION _METALLICGLOSSMAP pd= ok=1
Cmd: compileSnippet
  api=4 type=0 insize=3264 outsize=1956 kw= pd= ok=1
Cmd: compileSnippet
  api=4 type=1 insize=3264 outsize=6011 kw= pd= ok=1
Cmd: compileSnippet
  api=4 type=0 insize=859 outsize=1209 kw= pd= ok=1
Cmd: compileSnippet
  api=4 type=1 insize=859 outsize=721 kw= pd= ok=1
Cmd: compileSnippet
  api=4 type=0 insize=1934 outsize=1956 kw=DIRECTIONAL SHADOWS_SCREEN pd= ok=1
Cmd: compileSnippet
  api=4 type=1 insize=1934 outsize=6848 kw=DIRECTIONAL SHADOWS_SCREEN pd= ok=1
Cmd: compileSnippet
  api=4 type=0 insize=683 outsize=1006 kw= pd= ok=1
Cmd: compileSnippet
  api=4 type=1 insize=683 outsize=721 kw= pd= ok=1
